<?xml version="1.0" encoding="UTF-8"?>
<!-- Generated by org.testng.reporters.JUnitReportReporter -->
<testsuite hostname="DESKTOP-RQFBTSM" failures="0" tests="1" name="webApp.Demo" time="118.800" errors="0" timestamp="2022-11-25T10:39:48 IST" skipped="0">
  <testcase classname="webApp.Demo" name="testcase" time="118.800"/>
  <system-out/>
</testsuite> <!-- webApp.Demo -->
