<?xml version="1.0" encoding="UTF-8"?>
<!-- Generated by org.testng.reporters.JUnitReportReporter -->
<testsuite hostname="DESKTOP-RQFBTSM" failures="0" tests="1" name="webApp.Nativeapp" time="29.105" errors="0" timestamp="2022-12-02T16:23:50 IST" skipped="0">
  <testcase classname="webApp.Nativeapp" name="test" time="29.105"/>
  <system-out/>
</testsuite> <!-- webApp.Nativeapp -->
